Arguments: 
  /opt/homebrew/Cellar/node/20.5.0/bin/node /opt/homebrew/bin/yarn init

PATH: 
  /Users/admin/.rbenv/shims:/opt/homebrew/bin:/opt/homebrew/sbin:/Users/admin/Library/Frameworks/Python.framework/Versions/3.8/bin:/Users/admin/.config/yarn/global/node_modules/.bin:/Users/admin/.yarn/bin:/Users/admin/.pyenv/shims:/Users/admin/opt/homebrew/bin:/usr/local/bin:/usr/bin:/bin:/usr/sbin:/sbin:/Users/admin/.fzf/bin

Yarn version: 
  1.22.19

Node version: 
  20.5.0

Platform: 
  darwin arm64

Trace: 
  Error: canceled
      at Interface.<anonymous> (/opt/homebrew/lib/node_modules/yarn/lib/cli.js:137150:13)
      at Interface.emit (node:events:514:28)
      at [_ttyWrite] [as _ttyWrite] (node:internal/readline/interface:1125:18)
      at ReadStream.onkeypress (node:internal/readline/interface:264:20)
      at ReadStream.emit (node:events:514:28)
      at emitKeys (node:internal/readline/utils:357:14)
      at emitKeys.next (<anonymous>)
      at ReadStream.onData (node:internal/readline/emitKeypressEvents:64:36)
      at ReadStream.emit (node:events:514:28)
      at addChunk (node:internal/streams/readable:343:12)

npm manifest: 
  No manifest

yarn manifest: 
  No manifest

Lockfile: 
  No lockfile
